<?xml version="1.0" encoding="UTF-8"?>
<testng-results skipped="0" failed="1" ignored="0" total="1" passed="0">
  <reporter-output>
  </reporter-output>
  <suite name="Default suite" duration-ms="4392" started-at="2019-11-22T08:42:28 IST" finished-at="2019-11-22T08:42:32 IST">
    <groups>
    </groups>
    <test name="Default test" duration-ms="4392" started-at="2019-11-22T08:42:28 IST" finished-at="2019-11-22T08:42:32 IST">
      <class name="com.qa.tests.HRM_LOGIN">
        <test-method status="FAIL" signature="LoginApplication()[pri:0, instance:com.qa.tests.HRM_LOGIN@6ddf90b0]" name="LoginApplication" duration-ms="4330" started-at="2019-11-22T08:42:28 IST" finished-at="2019-11-22T08:42:32 IST">
          <exception class="org.openqa.selenium.SessionNotCreatedException">
            <message>
              <![CDATA[session not created: This version of ChromeDriver only supports Chrome version 76
Build info: version: '3.141.59', revision: 'e82be7d358', time: '2018-11-14T08:17:03'
System info: host: 'SWATHISANDY', ip: '192.168.43.12', os.name: 'Windows 8.1', os.arch: 'amd64', os.version: '6.3', java.version: '1.8.0_231'
Driver info: driver.version: ChromeDriver
remote stacktrace: Backtrace:
Ordinal0 [0x013F7C53+1473619]
Ordinal0 [0x0137AD71+961905]
Ordinal0 [0x013042B3+475827]
Ordinal0 [0x0129F365+62309]
Ordinal0 [0x0129BC77+48247]
Ordinal0 [0x012B9149+168265]
Ordinal0 [0x012B8D1D+167197]
Ordinal0 [0x012B742B+160811]
Ordinal0 [0x012A0AE6+68326]
Ordinal0 [0x012A1BF0+72688]
Ordinal0 [0x012A1B89+72585]
Ordinal0 [0x01394B37+1067831]
GetHandleVerifier [0x01496845+506677]
GetHandleVerifier [0x014965E0+506064]
GetHandleVerifier [0x0149D188+533624]
GetHandleVerifier [0x0149701A+508682]
Ordinal0 [0x0138C226+1032742]
Ordinal0 [0x0138C09F+1032351]
Ordinal0 [0x01396A4B+1075787]
Ordinal0 [0x01396BB3+1076147]
Ordinal0 [0x01395B65+1071973]
BaseThreadInitThunk [0x75947C04+36]
RtlInitializeExceptionChain [0x776DAD8F+143]
RtlInitializeExceptionChain [0x776DAD5A+90]
]]>
            </message>
            <full-stacktrace>
              <![CDATA[org.openqa.selenium.SessionNotCreatedException: session not created: This version of ChromeDriver only supports Chrome version 76
Build info: version: '3.141.59', revision: 'e82be7d358', time: '2018-11-14T08:17:03'
System info: host: 'SWATHISANDY', ip: '192.168.43.12', os.name: 'Windows 8.1', os.arch: 'amd64', os.version: '6.3', java.version: '1.8.0_231'
Driver info: driver.version: ChromeDriver
remote stacktrace: Backtrace:
Ordinal0 [0x013F7C53+1473619]
Ordinal0 [0x0137AD71+961905]
Ordinal0 [0x013042B3+475827]
Ordinal0 [0x0129F365+62309]
Ordinal0 [0x0129BC77+48247]
Ordinal0 [0x012B9149+168265]
Ordinal0 [0x012B8D1D+167197]
Ordinal0 [0x012B742B+160811]
Ordinal0 [0x012A0AE6+68326]
Ordinal0 [0x012A1BF0+72688]
Ordinal0 [0x012A1B89+72585]
Ordinal0 [0x01394B37+1067831]
GetHandleVerifier [0x01496845+506677]
GetHandleVerifier [0x014965E0+506064]
GetHandleVerifier [0x0149D188+533624]
GetHandleVerifier [0x0149701A+508682]
Ordinal0 [0x0138C226+1032742]
Ordinal0 [0x0138C09F+1032351]
Ordinal0 [0x01396A4B+1075787]
Ordinal0 [0x01396BB3+1076147]
Ordinal0 [0x01395B65+1071973]
BaseThreadInitThunk [0x75947C04+36]
RtlInitializeExceptionChain [0x776DAD8F+143]
RtlInitializeExceptionChain [0x776DAD5A+90]

at sun.reflect.NativeConstructorAccessorImpl.newInstance0(Native Method)
at sun.reflect.NativeConstructorAccessorImpl.newInstance(Unknown Source)
at sun.reflect.DelegatingConstructorAccessorImpl.newInstance(Unknown Source)
at java.lang.reflect.Constructor.newInstance(Unknown Source)
at org.openqa.selenium.remote.W3CHandshakeResponse.lambda$errorHandler$0(W3CHandshakeResponse.java:62)
at org.openqa.selenium.remote.HandshakeResponse.lambda$getResponseFunction$0(HandshakeResponse.java:30)
at org.openqa.selenium.remote.ProtocolHandshake.lambda$createSession$0(ProtocolHandshake.java:126)
at java.util.stream.ReferencePipeline$3$1.accept(Unknown Source)
at java.util.Spliterators$ArraySpliterator.tryAdvance(Unknown Source)
at java.util.stream.ReferencePipeline.forEachWithCancel(Unknown Source)
at java.util.stream.AbstractPipeline.copyIntoWithCancel(Unknown Source)
at java.util.stream.AbstractPipeline.copyInto(Unknown Source)
at java.util.stream.AbstractPipeline.wrapAndCopyInto(Unknown Source)
at java.util.stream.FindOps$FindOp.evaluateSequential(Unknown Source)
at java.util.stream.AbstractPipeline.evaluate(Unknown Source)
at java.util.stream.ReferencePipeline.findFirst(Unknown Source)
at org.openqa.selenium.remote.ProtocolHandshake.createSession(ProtocolHandshake.java:128)
at org.openqa.selenium.remote.ProtocolHandshake.createSession(ProtocolHandshake.java:74)
at org.openqa.selenium.remote.HttpCommandExecutor.execute(HttpCommandExecutor.java:136)
at org.openqa.selenium.remote.service.DriverCommandExecutor.execute(DriverCommandExecutor.java:83)
at org.openqa.selenium.remote.RemoteWebDriver.execute(RemoteWebDriver.java:552)
at org.openqa.selenium.remote.RemoteWebDriver.startSession(RemoteWebDriver.java:213)
at org.openqa.selenium.remote.RemoteWebDriver.<init>(RemoteWebDriver.java:131)
at org.openqa.selenium.chrome.ChromeDriver.<init>(ChromeDriver.java:181)
at org.openqa.selenium.chrome.ChromeDriver.<init>(ChromeDriver.java:168)
at org.openqa.selenium.chrome.ChromeDriver.<init>(ChromeDriver.java:123)
at com.qa.tests.HRM_LOGIN.LoginApplication(HRM_LOGIN.java:13)
at sun.reflect.NativeMethodAccessorImpl.invoke0(Native Method)
at sun.reflect.NativeMethodAccessorImpl.invoke(Unknown Source)
at sun.reflect.DelegatingMethodAccessorImpl.invoke(Unknown Source)
at java.lang.reflect.Method.invoke(Unknown Source)
at org.testng.internal.MethodInvocationHelper.invokeMethod(MethodInvocationHelper.java:133)
at org.testng.internal.TestInvoker.invokeMethod(TestInvoker.java:584)
at org.testng.internal.TestInvoker.invokeTestMethod(TestInvoker.java:172)
at org.testng.internal.MethodRunner.runInSequence(MethodRunner.java:46)
at org.testng.internal.TestInvoker$MethodInvocationAgent.invoke(TestInvoker.java:804)
at org.testng.internal.TestInvoker.invokeTestMethods(TestInvoker.java:145)
at org.testng.internal.TestMethodWorker.invokeTestMethods(TestMethodWorker.java:146)
at org.testng.internal.TestMethodWorker.run(TestMethodWorker.java:128)
at java.util.ArrayList.forEach(Unknown Source)
at org.testng.TestRunner.privateRun(TestRunner.java:770)
at org.testng.TestRunner.run(TestRunner.java:591)
at org.testng.SuiteRunner.runTest(SuiteRunner.java:402)
at org.testng.SuiteRunner.runSequentially(SuiteRunner.java:396)
at org.testng.SuiteRunner.privateRun(SuiteRunner.java:355)
at org.testng.SuiteRunner.run(SuiteRunner.java:304)
at org.testng.SuiteRunnerWorker.runSuite(SuiteRunnerWorker.java:53)
at org.testng.SuiteRunnerWorker.run(SuiteRunnerWorker.java:96)
at org.testng.TestNG.runSuitesSequentially(TestNG.java:1180)
at org.testng.TestNG.runSuitesLocally(TestNG.java:1102)
at org.testng.TestNG.runSuites(TestNG.java:1032)
at org.testng.TestNG.run(TestNG.java:1000)
at org.testng.remote.AbstractRemoteTestNG.run(AbstractRemoteTestNG.java:115)
at org.testng.remote.RemoteTestNG.initAndRun(RemoteTestNG.java:251)
at org.testng.remote.RemoteTestNG.main(RemoteTestNG.java:77)
]]>
            </full-stacktrace>
          </exception> <!-- org.openqa.selenium.SessionNotCreatedException -->
          <reporter-output>
          </reporter-output>
        </test-method> <!-- LoginApplication -->
      </class> <!-- com.qa.tests.HRM_LOGIN -->
    </test> <!-- Default test -->
  </suite> <!-- Default suite -->
</testng-results>
